<?xml version="1.0" encoding="UTF-8"?>
<testsuite name="linkedlist.doublyLinkedListTest$Find" tests="12" skipped="1" failures="0" errors="0" timestamp="2021-07-16T10:24:20" hostname="zLinuxBox" time="0.025">
  <properties/>
  <testcase name="TestIntegerFind()" classname="linkedlist.doublyLinkedListTest$Find" time="0.0"/>
  <testcase name="CustomClass()" classname="linkedlist.doublyLinkedListTest$Find" time="0.0">
    <skipped/>
  </testcase>
  <testcase name="repetition 1 of 10" classname="linkedlist.doublyLinkedListTest$Find" time="0.001"/>
  <testcase name="repetition 2 of 10" classname="linkedlist.doublyLinkedListTest$Find" time="0.001"/>
  <testcase name="repetition 3 of 10" classname="linkedlist.doublyLinkedListTest$Find" time="0.001"/>
  <testcase name="repetition 4 of 10" classname="linkedlist.doublyLinkedListTest$Find" time="0.001"/>
  <testcase name="repetition 5 of 10" classname="linkedlist.doublyLinkedListTest$Find" time="0.001"/>
  <testcase name="repetition 6 of 10" classname="linkedlist.doublyLinkedListTest$Find" time="0.0"/>
  <testcase name="repetition 7 of 10" classname="linkedlist.doublyLinkedListTest$Find" time="0.001"/>
  <testcase name="repetition 8 of 10" classname="linkedlist.doublyLinkedListTest$Find" time="0.001"/>
  <testcase name="repetition 9 of 10" classname="linkedlist.doublyLinkedListTest$Find" time="0.0"/>
  <testcase name="repetition 10 of 10" classname="linkedlist.doublyLinkedListTest$Find" time="0.001"/>
  <system-out><![CDATA[]]></system-out>
  <system-err><![CDATA[]]></system-err>
</testsuite>
