<?xml version="1.0" encoding="UTF-8"?>
<testsuite name="linkedlist.doublyLinkedListTest$Remove" tests="3" skipped="0" failures="0" errors="0" timestamp="2021-07-16T10:24:20" hostname="zLinuxBox" time="0.004">
  <properties/>
  <testcase name="removeHead()" classname="linkedlist.doublyLinkedListTest$Remove" time="0.001"/>
  <testcase name="removeTail()" classname="linkedlist.doublyLinkedListTest$Remove" time="0.001"/>
  <testcase name="removeMid()" classname="linkedlist.doublyLinkedListTest$Remove" time="0.001"/>
  <system-out><![CDATA[]]></system-out>
  <system-err><![CDATA[]]></system-err>
</testsuite>
