<?xml version="1.0" encoding="UTF-8"?>
<testsuite name="linkedlist.doublyLinkedListTest$toList" tests="1" skipped="0" failures="0" errors="0" timestamp="2021-07-16T10:24:20" hostname="zLinuxBox" time="0.008">
  <properties/>
  <testcase name="toIntlist()" classname="linkedlist.doublyLinkedListTest$toList" time="0.008"/>
  <system-out><![CDATA[]]></system-out>
  <system-err><![CDATA[]]></system-err>
</testsuite>
