<?xml version="1.0" encoding="UTF-8"?>
<testsuite name="linkedlist.doublyLinkedListTest$Insert" tests="3" skipped="0" failures="0" errors="0" timestamp="2021-07-16T10:24:20" hostname="zLinuxBox" time="0.003">
  <properties/>
  <testcase name="insertMid()" classname="linkedlist.doublyLinkedListTest$Insert" time="0.0"/>
  <testcase name="insertHead()" classname="linkedlist.doublyLinkedListTest$Insert" time="0.001"/>
  <testcase name="insertTail()" classname="linkedlist.doublyLinkedListTest$Insert" time="0.001"/>
  <system-out><![CDATA[]]></system-out>
  <system-err><![CDATA[]]></system-err>
</testsuite>
